\BOOKMARK [0][-]{chapter.1}{\376\377\000P\000r\000o\000j\000e\000c\000t\000s}{}% 1
\BOOKMARK [1][-]{section.1.1}{\376\377\000N\000u\000m\000e\000r\000i\000c\000a\000l\000\040\000D\000i\000f\000f\000e\000r\000e\000n\000t\000i\000a\000t\000i\000o\000n}{chapter.1}% 2
\BOOKMARK [2][-]{subsection.1.1.1}{\376\377\000D\000e\000r\000i\000v\000a\000t\000i\000o\000n\000\040\000o\000f\000\040\000t\000h\000e\000\040\000S\000e\000c\000o\000n\000d\000-\000O\000r\000d\000e\000r\000\040\000F\000i\000n\000i\000t\000e\000\040\000D\000i\000f\000f\000e\000r\000e\000n\000c\000e\000\040\000A\000p\000p\000r\000o\000x\000i\000m\000a\000t\000i\000o\000n\000\040\000f\000o\000r\000\040\000t\000h\000e\000\040\000S\000e\000c\000o\000n\000d\000\040\000D\000e\000r\000i\000v\000a\000t\000i\000v\000e}{section.1.1}% 3
\BOOKMARK [2][-]{subsection.1.1.2}{\376\377\000I\000m\000p\000l\000e\000m\000e\000n\000t\000a\000t\000i\000o\000n\000\040\000o\000f\000\040\000t\000h\000e\000\040\000N\000u\000m\000e\000r\000i\000c\000a\000l\000\040\000S\000e\000c\000o\000n\000d\000\040\000D\000e\000r\000i\000v\000a\000t\000i\000v\000e\000\040\000i\000n\000\040\000P\000y\000t\000h\000o\000n}{section.1.1}% 4
\BOOKMARK [1][-]{section.1.2}{\376\377\000G\000i\000t\000\040\000V\000e\000r\000s\000i\000o\000n\000\040\000C\000o\000n\000t\000r\000o\000l}{chapter.1}% 5
\BOOKMARK [2][-]{subsection.1.2.1}{\376\377\000V\000e\000r\000s\000i\000o\000n\000\040\000C\000o\000n\000t\000r\000o\000l\000\040\000a\000n\000d\000\040\000R\000e\000p\000o\000s\000i\000t\000o\000r\000y\000\040\000M\000a\000n\000a\000g\000e\000m\000e\000n\000t\000\040\000w\000i\000t\000h\000\040\000G\000i\000t}{section.1.2}% 6
\BOOKMARK [2][-]{subsection.1.2.2}{\376\377\000C\000o\000n\000c\000l\000u\000s\000i\000o\000n}{section.1.2}% 7
\BOOKMARK [1][-]{section.1.3}{\376\377\000N\000u\000m\000e\000r\000i\000c\000a\000l\000\040\000I\000n\000t\000e\000g\000r\000a\000t\000i\000o\000n\000.}{chapter.1}% 8
\BOOKMARK [2][-]{subsection.1.3.1}{\376\377\000D\000e\000r\000i\000v\000a\000t\000i\000o\000n\000\040\000o\000f\000\040\000t\000h\000e\000\040\000M\000i\000d\000p\000o\000i\000n\000t\000\040\000R\000u\000l\000e}{section.1.3}% 9
\BOOKMARK [2][-]{subsection.1.3.2}{\376\377\000A\000n\000a\000l\000y\000t\000i\000c\000a\000l\000\040\000a\000n\000d\000\040\000N\000u\000m\000e\000r\000i\000c\000a\000l\000\040\000E\000v\000a\000l\000u\000a\000t\000i\000o\000n}{section.1.3}% 10
\BOOKMARK [2][-]{subsection.1.3.3}{\376\377\000P\000y\000t\000h\000o\000n\000\040\000I\000m\000p\000l\000e\000m\000e\000n\000t\000a\000t\000i\000o\000n}{section.1.3}% 11
\BOOKMARK [2][-]{subsection.1.3.4}{\376\377\000C\000o\000m\000p\000o\000s\000i\000t\000e\000\040\000M\000i\000d\000p\000o\000i\000n\000t\000\040\000R\000u\000l\000e}{section.1.3}% 12
\BOOKMARK [2][-]{subsection.1.3.5}{\376\377\000D\000i\000s\000c\000u\000s\000s\000i\000o\000n}{section.1.3}% 13
\BOOKMARK [1][-]{section.1.4}{\376\377\000R\000o\000o\000t\000\040\000F\000i\000n\000d\000i\000n\000g\000\040\000M\000e\000t\000h\000o\000d\000s}{chapter.1}% 14
\BOOKMARK [2][-]{subsection.1.4.1}{\376\377\000N\000u\000m\000e\000r\000i\000c\000a\000l\000\040\000D\000i\000f\000f\000e\000r\000e\000n\000t\000i\000a\000t\000i\000o\000n\000\040\000a\000n\000d\000\040\000R\000o\000o\000t\000\040\000F\000i\000n\000d\000i\000n\000g}{section.1.4}% 15
\BOOKMARK [2][-]{subsection.1.4.2}{\376\377\000R\000e\000s\000u\000l\000t\000s}{section.1.4}% 16
\BOOKMARK [2][-]{subsection.1.4.3}{\376\377\000D\000i\000s\000c\000u\000s\000s\000i\000o\000n}{section.1.4}% 17
\BOOKMARK [1][-]{section.1.5}{\376\377\000O\000r\000d\000i\000n\000a\000r\000y\000\040\000D\000i\000f\000f\000e\000r\000e\000n\000t\000i\000a\000l\000\040\000E\000q\000u\000a\000t\000i\000o\000n\000s}{chapter.1}% 18
\BOOKMARK [2][-]{subsection.1.5.1}{\376\377\000D\000i\000m\000e\000n\000s\000i\000o\000n\000l\000e\000s\000s\000\040\000F\000o\000r\000m\000\040\000o\000f\000\040\000t\000h\000e\000\040\000L\000o\000t\000k\000a\040\023\000V\000o\000l\000t\000e\000r\000r\000a\000\040\000E\000q\000u\000a\000t\000i\000o\000n\000s}{section.1.5}% 19
\BOOKMARK [2][-]{subsection.1.5.2}{\376\377\000N\000u\000m\000e\000r\000i\000c\000a\000l\000\040\000S\000o\000l\000u\000t\000i\000o\000n\000\040\000U\000s\000i\000n\000g\000\040\000t\000h\000e\000\040\000E\000u\000l\000e\000r\040\023\000C\000r\000o\000m\000e\000r\000\040\000M\000e\000t\000h\000o\000d}{section.1.5}% 20
\BOOKMARK [2][-]{subsection.1.5.3}{\376\377\000P\000h\000a\000s\000e\000-\000S\000p\000a\000c\000e\000\040\000A\000n\000a\000l\000y\000s\000i\000s}{section.1.5}% 21
\BOOKMARK [2][-]{subsection.1.5.4}{\376\377\000V\000e\000r\000i\000f\000i\000c\000a\000t\000i\000o\000n\000\040\000o\000f\000\040\000t\000h\000e\000\040\000C\000o\000n\000s\000e\000r\000v\000e\000d\000\040\000Q\000u\000a\000n\000t\000i\000t\000y}{section.1.5}% 22
\BOOKMARK [2][-]{subsection.1.5.5}{\376\377\000D\000i\000s\000c\000u\000s\000s\000i\000o\000n}{section.1.5}% 23
\BOOKMARK [1][-]{section.1.6}{\376\377\000R\000u\000n\000g\000e\000\040\000K\000u\000t\000t\000a\000\040\000M\000e\000t\000h\000o\000d\000s}{chapter.1}% 24
\BOOKMARK [2][-]{subsection.1.6.1}{\376\377\000N\000u\000m\000e\000r\000i\000c\000a\000l\000\040\000S\000o\000l\000u\000t\000i\000o\000n\000\040\000o\000f\000\040\000t\000h\000e\000\040\000L\000o\000r\000e\000n\000z\000\040\000S\000y\000s\000t\000e\000m}{section.1.6}% 25
\BOOKMARK [2][-]{subsection.1.6.2}{\376\377\000A\000n\000a\000l\000y\000s\000i\000s\000\040\000o\000f\000\040\000S\000e\000n\000s\000i\000t\000i\000v\000i\000t\000y\000\040\000t\000o\000\040\000I\000n\000i\000t\000i\000a\000l\000\040\000C\000o\000n\000d\000i\000t\000i\000o\000n\000s}{section.1.6}% 26
\BOOKMARK [2][-]{subsection.1.6.3}{\376\377\000T\000h\000r\000e\000e\000-\000D\000i\000m\000e\000n\000s\000i\000o\000n\000a\000l\000\040\000V\000i\000s\000u\000a\000l\000i\000z\000a\000t\000i\000o\000n}{section.1.6}% 27
\BOOKMARK [2][-]{subsection.1.6.4}{\376\377\000D\000i\000s\000c\000u\000s\000s\000i\000o\000n}{section.1.6}% 28
\BOOKMARK [1][-]{section.1.7}{\376\377\000C\000u\000r\000v\000e\000\040\000F\000i\000t\000t\000i\000n\000g}{chapter.1}% 29
\BOOKMARK [2][-]{subsection.1.7.1}{\376\377\000A\000n\000a\000l\000y\000s\000i\000s\000\040\000o\000f\000\040\000V\000o\000y\000a\000g\000e\000r\000\040\000M\000i\000s\000s\000i\000o\000n\000\040\000M\000a\000g\000n\000e\000t\000i\000c\000\040\000F\000i\000e\000l\000d\000\040\000D\000a\000t\000a}{section.1.7}% 30
\BOOKMARK [2][-]{subsection.1.7.2}{\376\377\000D\000i\000s\000c\000u\000s\000s\000i\000o\000n}{section.1.7}% 31
\BOOKMARK [1][-]{section.1.8}{\376\377\000I\000n\000t\000e\000r\000p\000o\000l\000a\000t\000i\000o\000n\000\040\000M\000e\000t\000h\000o\000d\000s}{chapter.1}% 32
\BOOKMARK [2][-]{subsection.1.8.1}{\376\377\000I\000n\000t\000e\000r\000p\000o\000l\000a\000t\000i\000o\000n\000\040\000M\000e\000t\000h\000o\000d\000s}{section.1.8}% 33
\BOOKMARK [2][-]{subsection.1.8.2}{\376\377\000R\000e\000s\000u\000l\000t\000s\000\040\000a\000n\000d\000\040\000V\000i\000s\000u\000a\000l\000i\000z\000a\000t\000i\000o\000n}{section.1.8}% 34
\BOOKMARK [2][-]{subsection.1.8.3}{\376\377\000D\000i\000s\000c\000u\000s\000s\000i\000o\000n}{section.1.8}% 35
\BOOKMARK [1][-]{section.1.9}{\376\377\000\040\000S\000t\000o\000c\000h\000a\000s\000t\000i\000c\000\040\000S\000i\000m\000u\000l\000a\000t\000i\000o\000n\000s\000.}{chapter.1}% 36
\BOOKMARK [2][-]{subsection.1.9.1}{\376\377\000M\000o\000n\000t\000e\000\040\000C\000a\000r\000l\000o\000\040\000E\000s\000t\000i\000m\000a\000t\000i\000o\000n\000\040\000o\000f\000\040\003\300}{section.1.9}% 37
\BOOKMARK [2][-]{subsection.1.9.2}{\376\377\000I\000m\000p\000l\000e\000m\000e\000n\000t\000a\000t\000i\000o\000n}{section.1.9}% 38
\BOOKMARK [2][-]{subsection.1.9.3}{\376\377\000R\000e\000s\000u\000l\000t\000s}{section.1.9}% 39
\BOOKMARK [2][-]{subsection.1.9.4}{\376\377\000D\000i\000s\000c\000u\000s\000s\000i\000o\000n}{section.1.9}% 40
